<?xml version="1.0" encoding="UTF-8"?>
<!-- Generated by org.testng.reporters.JUnitXMLReporter -->
<testsuite hostname="Nidhis-MacBook-Pro.local" name="Test" tests="1" failures="0" timestamp="6 Nov 2016 14:28:28 GMT" time="0.24" errors="0">
  <testcase name="@BeforeTest openApp" time="0.0" classname="co.amazon.in.testScripts.SearchTest">
    <failure type="java.lang.IllegalStateException" message="The driver executable does not exist: /Users/Rajshekhar/Documents/workspace/SELENIUM/uk.amazon.co/C:/2016Workspace/EXEs/chromedriver.exe">
      <![CDATA[java.lang.IllegalStateException: The driver executable does not exist: /Users/Rajshekhar/Documents/workspace/SELENIUM/uk.amazon.co/C:/2016Workspace/EXEs/chromedriver.exe
	at com.google.common.base.Preconditions.checkState(Preconditions.java:197)
	at org.openqa.selenium.remote.service.DriverService.checkExecutable(DriverService.java:121)
	at org.openqa.selenium.remote.service.DriverService.findExecutable(DriverService.java:116)
	at org.openqa.selenium.chrome.ChromeDriverService.access$0(ChromeDriverService.java:1)
	at org.openqa.selenium.chrome.ChromeDriverService$Builder.findDefaultExecutable(ChromeDriverService.java:137)
	at org.openqa.selenium.remote.service.DriverService$Builder.build(DriverService.java:290)
	at org.openqa.selenium.chrome.ChromeDriverService.createDefaultService(ChromeDriverService.java:88)
	at org.openqa.selenium.chrome.ChromeDriver.<init>(ChromeDriver.java:116)
	at co.amazon.in.testScripts.PreReq.openApp(PreReq.java:15)
... Removed 23 stack frames]]>
    </failure>
  </testcase> <!-- @BeforeTest openApp -->
  <testcase name="@AfterTest tearDown" time="0.0" classname="co.amazon.in.testScripts.SearchTest">
    <skipped/>
  </testcase> <!-- @AfterTest tearDown -->
  <testcase name="search" time="0.002" classname="co.amazon.in.testScripts.SearchTest">
    <skipped/>
  </testcase> <!-- search -->
</testsuite> <!-- Test -->
